<testsuites id="" name="" tests="1" failures="1" skipped="0" errors="0" time="33.759288999999995">
<testsuite name="simple-chat-test.spec.ts" timestamp="2025-09-30T19:28:24.915Z" hostname="chromium" tests="1" failures="1" skipped="0" time="25.445" errors="0">
<testcase name="check chat input visibility after manual login" classname="simple-chat-test.spec.ts" time="25.445">
<failure message="simple-chat-test.spec.ts:3:5 check chat input visibility after manual login" type="FAILURE">
<![CDATA[  [chromium] › simple-chat-test.spec.ts:3:5 › check chat input visibility after manual login ───────

    TimeoutError: page.waitForURL: Timeout 20000ms exceeded.
    =========================== logs ===========================
    waiting for navigation to "**/tasks" until "load"
    ============================================================

      26 |
      27 |   // Wait for navigation with longer timeout
    > 28 |   await page.waitForURL('**/tasks', { timeout: 20000 })
         |              ^
      29 |   console.log('Current URL after login:', page.url())
      30 |   await page.waitForTimeout(3000)
      31 |
        at /Users/dinohorn/aiworkspace/nexttaskpro/tests/simple-chat-test.spec.ts:28:14

    attachment #1: screenshot (image/png) ──────────────────────────────────────────────────────────
    ../test-results/simple-chat-test-check-cha-3c43f-sibility-after-manual-login-chromium/test-failed-1.png
    ────────────────────────────────────────────────────────────────────────────────────────────────

    attachment #2: video (video/webm) ──────────────────────────────────────────────────────────────
    ../test-results/simple-chat-test-check-cha-3c43f-sibility-after-manual-login-chromium/video.webm
    ────────────────────────────────────────────────────────────────────────────────────────────────

    Error Context: ../test-results/simple-chat-test-check-cha-3c43f-sibility-after-manual-login-chromium/error-context.md
]]>
</failure>
<system-out>
<![CDATA[PAGE ERROR: [Error [SyntaxError]: Invalid or unexpected token]
BROWSER: %cDownload the React DevTools for a better development experience: https://react.dev/link/react-devtools font-weight:bold
BROWSER: === Firebase Environment Variables Debug ===
BROWSER: NEXT_PUBLIC_FIREBASE_API_KEY: LOADED
BROWSER: NEXT_PUBLIC_FIREBASE_AUTH_DOMAIN: LOADED
BROWSER: NEXT_PUBLIC_FIREBASE_PROJECT_ID: LOADED
BROWSER: NODE_ENV: development
BROWSER: Firebase config loaded: {apiKey: SET, authDomain: SET, projectId: SET}
BROWSER: Initializing Firebase app...
BROWSER: Firebase app initialized: [DEFAULT]
BROWSER: Initializing Firebase services...
BROWSER: Firebase services initialized successfully

[[ATTACHMENT|simple-chat-test-check-cha-3c43f-sibility-after-manual-login-chromium/test-failed-1.png]]

[[ATTACHMENT|simple-chat-test-check-cha-3c43f-sibility-after-manual-login-chromium/video.webm]]

[[ATTACHMENT|simple-chat-test-check-cha-3c43f-sibility-after-manual-login-chromium/error-context.md]]
]]>
</system-out>
</testcase>
</testsuite>
</testsuites>