<testsuites id="" name="" tests="1" failures="1" skipped="0" errors="0" time="32.744913999999994">
<testsuite name="comprehensive-ui-test.spec.ts" timestamp="2025-10-01T18:36:49.923Z" hostname="chromium" tests="1" failures="1" skipped="0" time="30.196" errors="0">
<testcase name="Comprehensive UI Tests â€º should toggle between light and dark modes" classname="comprehensive-ui-test.spec.ts" time="30.196">
<failure message="comprehensive-ui-test.spec.ts:68:7 should toggle between light and dark modes" type="FAILURE">
<![CDATA[  [chromium] â€º comprehensive-ui-test.spec.ts:68:7 â€º Comprehensive UI Tests â€º should toggle between light and dark modes 

    Test timeout of 30000ms exceeded.

    Error: locator.click: Test timeout of 30000ms exceeded.
    Call log:
      - waiting for locator('button').filter({ hasText: /theme|dark|light/i }).first()


      92 |
      93 |     // Click theme toggle
    > 94 |     await themeToggle.click();
         |                       ^
      95 |     await page.waitForTimeout(500); // Wait for theme transition
      96 |
      97 |     // Get new theme
        at /Users/dinohorn/aiworkspace/nexttaskpro/tests/comprehensive-ui-test.spec.ts:94:23

    attachment #1: screenshot (image/png) â”€â”€â”€â”€â”€â”€â”€â”€â”€â”€â”€â”€â”€â”€â”€â”€â”€â”€â”€â”€â”€â”€â”€â”€â”€â”€â”€â”€â”€â”€â”€â”€â”€â”€â”€â”€â”€â”€â”€â”€â”€â”€â”€â”€â”€â”€â”€â”€â”€â”€â”€â”€â”€â”€â”€â”€â”€â”€
    ../test-results/comprehensive-ui-test-Comp-b9a45-etween-light-and-dark-modes-chromium/test-failed-1.png
    â”€â”€â”€â”€â”€â”€â”€â”€â”€â”€â”€â”€â”€â”€â”€â”€â”€â”€â”€â”€â”€â”€â”€â”€â”€â”€â”€â”€â”€â”€â”€â”€â”€â”€â”€â”€â”€â”€â”€â”€â”€â”€â”€â”€â”€â”€â”€â”€â”€â”€â”€â”€â”€â”€â”€â”€â”€â”€â”€â”€â”€â”€â”€â”€â”€â”€â”€â”€â”€â”€â”€â”€â”€â”€â”€â”€â”€â”€â”€â”€â”€â”€â”€â”€â”€â”€â”€â”€â”€â”€â”€â”€â”€â”€â”€â”€

    attachment #2: video (video/webm) â”€â”€â”€â”€â”€â”€â”€â”€â”€â”€â”€â”€â”€â”€â”€â”€â”€â”€â”€â”€â”€â”€â”€â”€â”€â”€â”€â”€â”€â”€â”€â”€â”€â”€â”€â”€â”€â”€â”€â”€â”€â”€â”€â”€â”€â”€â”€â”€â”€â”€â”€â”€â”€â”€â”€â”€â”€â”€â”€â”€â”€â”€
    ../test-results/comprehensive-ui-test-Comp-b9a45-etween-light-and-dark-modes-chromium/video.webm
    â”€â”€â”€â”€â”€â”€â”€â”€â”€â”€â”€â”€â”€â”€â”€â”€â”€â”€â”€â”€â”€â”€â”€â”€â”€â”€â”€â”€â”€â”€â”€â”€â”€â”€â”€â”€â”€â”€â”€â”€â”€â”€â”€â”€â”€â”€â”€â”€â”€â”€â”€â”€â”€â”€â”€â”€â”€â”€â”€â”€â”€â”€â”€â”€â”€â”€â”€â”€â”€â”€â”€â”€â”€â”€â”€â”€â”€â”€â”€â”€â”€â”€â”€â”€â”€â”€â”€â”€â”€â”€â”€â”€â”€â”€â”€â”€

    Error Context: ../test-results/comprehensive-ui-test-Comp-b9a45-etween-light-and-dark-modes-chromium/error-context.md
]]>
</failure>
<system-out>
<![CDATA[ðŸ” Starting login process...
Current URL: http://localhost:3000/
âœ“ Entered email
âœ“ Entered password
âœ“ Clicked sign in button
âš ï¸  Timeout waiting for /tasks redirect
Current URL: http://localhost:3000/
ðŸŽ¨ Testing theme toggle...
Found 5 icon buttons
Initial theme: light

[[ATTACHMENT|comprehensive-ui-test-Comp-b9a45-etween-light-and-dark-modes-chromium/test-failed-1.png]]

[[ATTACHMENT|comprehensive-ui-test-Comp-b9a45-etween-light-and-dark-modes-chromium/video.webm]]

[[ATTACHMENT|comprehensive-ui-test-Comp-b9a45-etween-light-and-dark-modes-chromium/error-context.md]]
]]>
</system-out>
</testcase>
</testsuite>
</testsuites>